<?xml version="1.0" encoding="UTF-8"?>
<testsuite name="test_register_order_tests.TestRegisterOrder-20230428130303" tests="3" file="test_register_order_tests.py" time="0.096" timestamp="2023-04-28T13:03:04" failures="0" errors="0" skipped="0">
	<testcase classname="test_register_order_tests.TestRegisterOrder" name="test__duplicate_valid_order_id" time="0.000" timestamp="2023-04-28T13:03:04"/>
	<testcase classname="test_register_order_tests.TestRegisterOrder" name="test_parametrized_not_valid_request_vaccination" time="0.063" timestamp="2023-04-28T13:03:04"/>
	<testcase classname="test_register_order_tests.TestRegisterOrder" name="test_parametrized_valid_request_vaccination" time="0.034" timestamp="2023-04-28T13:03:04"/>
</testsuite>
